Count: 342284  Time=0.00s (13s)  Lock=0.00s (0s)  Rows=3.4 (1158863), 2users@localhost
  #

Count: 618  Time=0.02s (11s)  Lock=0.00s (0s)  Rows=10.2 (6321), root[root]@localhost
  SELECT `id`, `user_id`, `body`, `mime`, `created_at` FROM `posts` WHERE `user_id` = N ORDER BY `id` DESC

Count: 82715  Time=0.00s (9s)  Lock=0.00s (1s)  Rows=1.0 (82711), root[root]@localhost
  SELECT * FROM `users` WHERE `id` = N

Count: 89  Time=0.07s (6s)  Lock=0.00s (0s)  Rows=9986.4 (888790), root[root]@localhost
  SELECT `id`, `user_id`, `body`, `mime`, `created_at` FROM `posts` WHERE `created_at` <= 'S' ORDER BY `id` DESC

Count: 40175  Time=0.00s (5s)  Lock=0.00s (0s)  Rows=0.8 (32823), root[root]@localhost
  SELECT * FROM `comments` WHERE `post_id` = N ORDER BY `id` DESC LIMIT N

Count: 40956  Time=0.00s (4s)  Lock=0.00s (0s)  Rows=1.0 (40956), root[root]@localhost
  SELECT COUNT(*) AS `count` FROM `comments` WHERE `post_id` = N

Count: 618  Time=0.01s (3s)  Lock=0.00s (0s)  Rows=10.2 (6321), root[root]@localhost
  SELECT `id` FROM `posts` WHERE `user_id` = N

Count: 781  Time=0.00s (1s)  Lock=0.00s (0s)  Rows=1.0 (781), root[root]@localhost
  SELECT * FROM `posts` WHERE `id` = N

Count: 290  Time=0.00s (1s)  Lock=0.00s (0s)  Rows=0.0 (0), root[root]@localhost
  INSERT INTO `comments` (`post_id`, `user_id`, `comment`) VALUES (N,N,'S')

Count: 291  Time=0.00s (0s)  Lock=0.00s (0s)  Rows=0.0 (0), root[root]@localhost
  INSERT INTO `users` (`account_name`, `passhash`) VALUES ('S','S')

Count: 165  Time=0.00s (0s)  Lock=0.00s (0s)  Rows=0.0 (0), root[root]@localhost
  INSERT INTO `posts` (`user_id`, `mime`, `body`) VALUES (N,'S','S')

Count: 1586  Time=0.00s (0s)  Lock=0.00s (0s)  Rows=22.0 (34892), root[root]@localhost
  SELECT `id`, `user_id`, `body`, `mime`, `created_at` FROM `posts` ORDER BY `id` DESC limit N

Count: 781  Time=0.00s (0s)  Lock=0.00s (0s)  Rows=7.7 (6012), root[root]@localhost
  SELECT * FROM `comments` WHERE `post_id` = N ORDER BY `id` DESC

Count: 618  Time=0.00s (0s)  Lock=0.00s (0s)  Rows=1.0 (618), root[root]@localhost
  SELECT COUNT(*) AS count FROM `comments` WHERE `user_id` = N

Count: 1113  Time=0.00s (0s)  Lock=0.00s (0s)  Rows=0.9 (1046), root[root]@localhost
  SELECT * FROM users WHERE account_name = 'S' AND del_flg = N

Count: 618  Time=0.00s (0s)  Lock=0.00s (0s)  Rows=1.0 (618), root[root]@localhost
  SELECT * FROM `users` WHERE `account_name` = 'S' AND `del_flg` = N

Count: 104  Time=0.00s (0s)  Lock=0.00s (0s)  Rows=1.0 (104), root[root]@localhost
  SELECT COUNT(*) AS count FROM `comments` WHERE `post_id` IN (N, N, N, N, N, N, N, N, N, N, N)

Count: 1567  Time=0.00s (0s)  Lock=0.00s (0s)  Rows=1.0 (1567), root[root]@localhost
  SELECT @@max_allowed_packet

Count: 62  Time=0.00s (0s)  Lock=0.00s (0s)  Rows=1.0 (62), root[root]@localhost
  SELECT COUNT(*) AS count FROM `comments` WHERE `post_id` IN (N, N, N, N, N, N, N, N, N, N, N, N, N)

Count: 61  Time=0.00s (0s)  Lock=0.00s (0s)  Rows=1.0 (61), root[root]@localhost
  SELECT COUNT(*) AS count FROM `comments` WHERE `post_id` IN (N, N, N, N, N, N, N, N, N, N, N, N)

Count: 84  Time=0.00s (0s)  Lock=0.00s (0s)  Rows=1.0 (84), root[root]@localhost
  SELECT COUNT(*) AS count FROM `comments` WHERE `post_id` IN (N, N, N, N, N, N, N, N, N, N)

Count: 1567  Time=0.00s (0s)  Lock=0.00s (0s)  Rows=0.0 (0), root[root]@localhost
  SET NAMES utf8mb4

Count: 46  Time=0.00s (0s)  Lock=0.00s (0s)  Rows=1.0 (46), root[root]@localhost
  SELECT COUNT(*) AS count FROM `comments` WHERE `post_id` IN (N, N, N, N, N, N, N)

Count: 1  Time=0.02s (0s)  Lock=0.00s (0s)  Rows=0.0 (0), debian-sys-maint[debian-sys-maint]@localhost
  select count(*) into @discard from `information_schema`.`PARTITIONS`

Count: 291  Time=0.00s (0s)  Lock=0.00s (0s)  Rows=0.0 (0), root[root]@localhost
  SELECT N FROM users WHERE `account_name` = 'S'

Count: 72  Time=0.00s (0s)  Lock=0.00s (0s)  Rows=1.0 (72), root[root]@localhost
  SELECT COUNT(*) AS count FROM `comments` WHERE `post_id` IN (N, N, N, N, N, N, N, N, N)

Count: 61  Time=0.00s (0s)  Lock=0.00s (0s)  Rows=1.0 (61), root[root]@localhost
  SELECT COUNT(*) AS count FROM `comments` WHERE `post_id` IN (N, N, N, N, N, N, N, N)

Count: 39  Time=0.00s (0s)  Lock=0.00s (0s)  Rows=1.0 (39), root[root]@localhost
  SELECT COUNT(*) AS count FROM `comments` WHERE `post_id` IN (N, N, N, N, N, N)

Count: 17  Time=0.00s (0s)  Lock=0.00s (0s)  Rows=1.0 (17), root[root]@localhost
  SELECT COUNT(*) AS count FROM `comments` WHERE `post_id` IN (N, N, N, N, N, N, N, N, N, N, N, N, N, N, N, N)

Count: 2  Time=0.01s (0s)  Lock=0.00s (0s)  Rows=0.0 (0), root[root]@localhost
  UPDATE users SET del_flg = N

Count: 17  Time=0.00s (0s)  Lock=0.00s (0s)  Rows=1.0 (17), root[root]@localhost
  SELECT COUNT(*) AS count FROM `comments` WHERE `post_id` IN (N, N, N, N, N, N, N, N, N, N, N, N, N, N, N)

Count: 21  Time=0.00s (0s)  Lock=0.00s (0s)  Rows=1.0 (21), root[root]@localhost
  SELECT COUNT(*) AS count FROM `comments` WHERE `post_id` IN (N, N, N, N, N, N, N, N, N, N, N, N, N, N)

Count: 2  Time=0.00s (0s)  Lock=0.00s (0s)  Rows=0.0 (0), root[root]@localhost
  UPDATE users SET del_flg = N WHERE id % N = N

Count: 4  Time=0.00s (0s)  Lock=0.00s (0s)  Rows=1.0 (4), root[root]@localhost
  SELECT COUNT(*) AS count FROM `comments` WHERE `post_id` IN (N, N, N, N, N, N, N, N, N, N, N, N, N, N, N, N, N, N)

Count: 1  Time=0.00s (0s)  Lock=0.00s (0s)  Rows=0.0 (0), debian-sys-maint[debian-sys-maint]@localhost
  select count(*) into @discard from `information_schema`.`COLUMNS`

Count: 10  Time=0.00s (0s)  Lock=0.00s (0s)  Rows=1.0 (10), root[root]@localhost
  SELECT COUNT(*) AS count FROM `comments` WHERE `post_id` IN (N, N, N, N)

Count: 2  Time=0.00s (0s)  Lock=0.00s (0s)  Rows=0.0 (0), root[root]@localhost
  DELETE FROM users WHERE id > N

Count: 2  Time=0.00s (0s)  Lock=0.00s (0s)  Rows=0.0 (0), root[root]@localhost
  DELETE FROM comments WHERE id > N

Count: 1  Time=0.00s (0s)  Lock=0.00s (0s)  Rows=31.0 (31), debian-sys-maint[debian-sys-maint]@localhost
  select concat('S',
  TABLE_SCHEMA, 'S', TABLE_NAME, 'S') 
  from information_schema.TABLES where ENGINE='S'

Count: 13  Time=0.00s (0s)  Lock=0.00s (0s)  Rows=1.0 (13), root[root]@localhost
  SELECT COUNT(*) AS count FROM `comments` WHERE `post_id` IN (N, N, N, N, N)

Count: 1  Time=0.00s (0s)  Lock=0.00s (0s)  Rows=0.0 (0), debian-sys-maint[debian-sys-maint]@localhost
  select count(*) into @discard from `information_schema`.`TRIGGERS`

Count: 1  Time=0.00s (0s)  Lock=0.00s (0s)  Rows=0.0 (0), debian-sys-maint[debian-sys-maint]@localhost
  select count(*) into @discard from `information_schema`.`VIEWS`

Count: 4  Time=0.00s (0s)  Lock=0.00s (0s)  Rows=1.0 (4), root[root]@localhost
  SELECT COUNT(*) AS count FROM `comments` WHERE `post_id` IN (N, N, N, N, N, N, N, N, N, N, N, N, N, N, N, N, N)

Count: 34  Time=0.00s (0s)  Lock=0.00s (0s)  Rows=1.0 (34), debian-sys-maint[debian-sys-maint]@localhost
  select @@version_comment limit N

Count: 2  Time=0.00s (0s)  Lock=0.00s (0s)  Rows=0.0 (0), root[root]@localhost
  DELETE FROM posts WHERE id > N

Count: 1  Time=0.00s (0s)  Lock=0.00s (0s)  Rows=1.0 (1), root[root]@localhost
  SELECT COUNT(*) AS count FROM `comments` WHERE `post_id` IN (N, N, N, N, N, N, N, N, N, N, N, N, N, N, N, N, N, N, N, N)

Count: 1  Time=0.00s (0s)  Lock=0.00s (0s)  Rows=1.0 (1), root[root]@localhost
  SELECT COUNT(*) AS count FROM `comments` WHERE `post_id` IN (N, N, N, N, N, N, N, N, N, N, N, N, N, N, N, N, N, N, N)

Count: 1  Time=0.00s (0s)  Lock=0.00s (0s)  Rows=1.0 (1), debian-sys-maint[debian-sys-maint]@localhost
  show variables like 'S'

Count: 1  Time=0.00s (0s)  Lock=0.00s (0s)  Rows=0.0 (0), debian-sys-maint[debian-sys-maint]@localhost
  select count(*) into @discard from `information_schema`.`PLUGINS`

Count: 1  Time=0.00s (0s)  Lock=0.00s (0s)  Rows=1.0 (1), root[root]@localhost
  SELECT COUNT(*) AS count FROM `comments` WHERE `post_id` IN (N, N)

Count: 1  Time=0.00s (0s)  Lock=0.00s (0s)  Rows=1.0 (1), debian-sys-maint[debian-sys-maint]@localhost
  SELECT count(*) FROM mysql.user WHERE user='S' and password='S'

Count: 1  Time=0.00s (0s)  Lock=0.00s (0s)  Rows=0.0 (0), debian-sys-maint[debian-sys-maint]@localhost
  select count(*) into @discard from `information_schema`.`PROCESSLIST`

Count: 1  Time=0.00s (0s)  Lock=0.00s (0s)  Rows=0.0 (0), debian-sys-maint[debian-sys-maint]@localhost
  select count(*) into @discard from `information_schema`.`PARAMETERS`

Count: 1  Time=0.00s (0s)  Lock=0.00s (0s)  Rows=0.0 (0), debian-sys-maint[debian-sys-maint]@localhost
  select count(*) into @discard from `information_schema`.`EVENTS`

Count: 1  Time=0.00s (0s)  Lock=0.00s (0s)  Rows=0.0 (0), debian-sys-maint[debian-sys-maint]@localhost
  select count(*) into @discard from `information_schema`.`ROUTINES`

Count: 1  Time=0.00s (0s)  Lock=0.00s (0s)  Rows=0.0 (0), debian-sys-maint[debian-sys-maint]@localhost
  select count(*) into @discard from `mysql`.`proc`

Count: 1  Time=0.00s (0s)  Lock=0.00s (0s)  Rows=0.0 (0), debian-sys-maint[debian-sys-maint]@localhost
  select count(*) into @discard from `mysql`.`event`

Count: 1  Time=0.00s (0s)  Lock=0.00s (0s)  Rows=0.0 (0), debian-sys-maint[debian-sys-maint]@localhost
  select count(*) into @discard from `mysql`.`host`

Count: 1  Time=0.00s (0s)  Lock=0.00s (0s)  Rows=0.0 (0), debian-sys-maint[debian-sys-maint]@localhost
  select count(*) into @discard from `mysql`.`help_category`

Count: 1  Time=0.00s (0s)  Lock=0.00s (0s)  Rows=0.0 (0), debian-sys-maint[debian-sys-maint]@localhost
  select count(*) into @discard from `mysql`.`tables_priv`

Count: 1  Time=0.00s (0s)  Lock=0.00s (0s)  Rows=0.0 (0), debian-sys-maint[debian-sys-maint]@localhost
  select count(*) into @discard from `mysql`.`db`

Count: 1  Time=0.00s (0s)  Lock=0.00s (0s)  Rows=0.0 (0), debian-sys-maint[debian-sys-maint]@localhost
  select count(*) into @discard from `mysql`.`procs_priv`

Count: 1  Time=0.00s (0s)  Lock=0.00s (0s)  Rows=0.0 (0), debian-sys-maint[debian-sys-maint]@localhost
  select count(*) into @discard from `mysql`.`proxies_priv`

Count: 1  Time=0.00s (0s)  Lock=0.00s (0s)  Rows=0.0 (0), debian-sys-maint[debian-sys-maint]@localhost
  select count(*) into @discard from `mysql`.`columns_priv`

Count: 1  Time=0.00s (0s)  Lock=0.00s (0s)  Rows=0.0 (0), debian-sys-maint[debian-sys-maint]@localhost
  select count(*) into @discard from `mysql`.`time_zone_leap_second`

Count: 1  Time=0.00s (0s)  Lock=0.00s (0s)  Rows=0.0 (0), debian-sys-maint[debian-sys-maint]@localhost
  select count(*) into @discard from `mysql`.`help_topic`

Count: 1  Time=0.00s (0s)  Lock=0.00s (0s)  Rows=0.0 (0), debian-sys-maint[debian-sys-maint]@localhost
  select count(*) into @discard from `mysql`.`time_zone_transition`

Count: 1  Time=0.00s (0s)  Lock=0.00s (0s)  Rows=0.0 (0), debian-sys-maint[debian-sys-maint]@localhost
  select count(*) into @discard from `mysql`.`time_zone_name`

Count: 1  Time=0.00s (0s)  Lock=0.00s (0s)  Rows=0.0 (0), debian-sys-maint[debian-sys-maint]@localhost
  select count(*) into @discard from `mysql`.`plugin`

Count: 1  Time=0.00s (0s)  Lock=0.00s (0s)  Rows=0.0 (0), debian-sys-maint[debian-sys-maint]@localhost
  select count(*) into @discard from `mysql`.`ndb_binlog_index`

Count: 1  Time=0.00s (0s)  Lock=0.00s (0s)  Rows=0.0 (0), debian-sys-maint[debian-sys-maint]@localhost
  select count(*) into @discard from `mysql`.`func`

Count: 1  Time=0.00s (0s)  Lock=0.00s (0s)  Rows=0.0 (0), debian-sys-maint[debian-sys-maint]@localhost
  select count(*) into @discard from `mysql`.`help_keyword`

Count: 1  Time=0.00s (0s)  Lock=0.00s (0s)  Rows=0.0 (0), debian-sys-maint[debian-sys-maint]@localhost
  select count(*) into @discard from `mysql`.`help_relation`

Count: 1  Time=0.00s (0s)  Lock=0.00s (0s)  Rows=0.0 (0), debian-sys-maint[debian-sys-maint]@localhost
  select count(*) into @discard from `mysql`.`servers`

Count: 1  Time=0.00s (0s)  Lock=0.00s (0s)  Rows=0.0 (0), debian-sys-maint[debian-sys-maint]@localhost
  select count(*) into @discard from `mysql`.`time_zone`

Count: 1  Time=0.00s (0s)  Lock=0.00s (0s)  Rows=0.0 (0), debian-sys-maint[debian-sys-maint]@localhost
  select count(*) into @discard from `mysql`.`user`

Count: 1  Time=0.00s (0s)  Lock=0.00s (0s)  Rows=0.0 (0), debian-sys-maint[debian-sys-maint]@localhost
  select count(*) into @discard from `mysql`.`time_zone_transition_type`

Count: 170737  Time=0.00s (0s)  Lock=0.00s (0s)  Rows=0.0 (0), 0users@0hosts
  administrator command: Prepare

Count: 170736  Time=0.00s (0s)  Lock=0.00s (0s)  Rows=0.0 (0), 0users@0hosts
  administrator command: Close stmt

Count: 811  Time=0.00s (0s)  Lock=0.00s (0s)  Rows=0.0 (0), 0users@0hosts
  administrator command: Quit

